  ShaderProgram.cpp
  Matrix.cpp
c:\users\mikez\documents\github\cs3113-hw-project\homework 1\nyucodebase\matrix.cpp(148): warning C4244: '=': conversion from 'double' to 'float', possible loss of data
c:\users\mikez\documents\github\cs3113-hw-project\homework 1\nyucodebase\matrix.cpp(149): warning C4244: '=': conversion from 'double' to 'float', possible loss of data
c:\users\mikez\documents\github\cs3113-hw-project\homework 1\nyucodebase\matrix.cpp(150): warning C4244: '=': conversion from 'double' to 'float', possible loss of data
c:\users\mikez\documents\github\cs3113-hw-project\homework 1\nyucodebase\matrix.cpp(151): warning C4244: '=': conversion from 'double' to 'float', possible loss of data
c:\users\mikez\documents\github\cs3113-hw-project\homework 1\nyucodebase\matrix.cpp(165): warning C4244: '=': conversion from 'double' to 'float', possible loss of data
c:\users\mikez\documents\github\cs3113-hw-project\homework 1\nyucodebase\matrix.cpp(166): warning C4244: '=': conversion from 'double' to 'float', possible loss of data
c:\users\mikez\documents\github\cs3113-hw-project\homework 1\nyucodebase\matrix.cpp(167): warning C4244: '=': conversion from 'double' to 'float', possible loss of data
c:\users\mikez\documents\github\cs3113-hw-project\homework 1\nyucodebase\matrix.cpp(168): warning C4244: '=': conversion from 'double' to 'float', possible loss of data
c:\users\mikez\documents\github\cs3113-hw-project\homework 1\nyucodebase\matrix.cpp(172): warning C4244: '=': conversion from 'double' to 'float', possible loss of data
c:\users\mikez\documents\github\cs3113-hw-project\homework 1\nyucodebase\matrix.cpp(173): warning C4244: '=': conversion from 'double' to 'float', possible loss of data
c:\users\mikez\documents\github\cs3113-hw-project\homework 1\nyucodebase\matrix.cpp(174): warning C4244: '=': conversion from 'double' to 'float', possible loss of data
c:\users\mikez\documents\github\cs3113-hw-project\homework 1\nyucodebase\matrix.cpp(175): warning C4244: '=': conversion from 'double' to 'float', possible loss of data
c:\users\mikez\documents\github\cs3113-hw-project\homework 1\nyucodebase\matrix.cpp(213): warning C4244: 'argument': conversion from 'double' to 'float', possible loss of data
c:\users\mikez\documents\github\cs3113-hw-project\homework 1\nyucodebase\matrix.cpp(214): warning C4244: 'argument': conversion from 'double' to 'float', possible loss of data
  main.cpp
c:\users\mikez\documents\github\cs3113-hw-project\homework 1\nyucodebase\main.cpp(84): warning C4305: 'argument': truncation from 'double' to 'float'
  Generating Code...
  NYUCodebase.vcxproj -> C:\Users\mikez\Documents\GitHub\CS3113-HW-Project\Homework 1\Debug\NYUCodebase.exe
