  main.cpp
c:\users\mikez\documents\github\cs3113-hw-project\final project (2d platformer contra)\nyucodebase\main.cpp(75): warning C4244: 'initializing': conversion from 'double' to 'float', possible loss of data
c:\users\mikez\documents\github\cs3113-hw-project\final project (2d platformer contra)\nyucodebase\main.cpp(76): warning C4244: 'initializing': conversion from 'double' to 'float', possible loss of data
c:\users\mikez\documents\github\cs3113-hw-project\final project (2d platformer contra)\nyucodebase\main.cpp(85): warning C4838: conversion from 'double' to 'float' requires a narrowing conversion
c:\users\mikez\documents\github\cs3113-hw-project\final project (2d platformer contra)\nyucodebase\main.cpp(81): warning C4244: 'initializing': conversion from 'double' to 'float', possible loss of data
c:\users\mikez\documents\github\cs3113-hw-project\final project (2d platformer contra)\nyucodebase\main.cpp(138): warning C4018: '<': signed/unsigned mismatch
c:\users\mikez\documents\github\cs3113-hw-project\final project (2d platformer contra)\nyucodebase\main.cpp(147): warning C4244: 'initializing': conversion from 'double' to 'float', possible loss of data
c:\users\mikez\documents\github\cs3113-hw-project\final project (2d platformer contra)\nyucodebase\main.cpp(148): warning C4244: '+=': conversion from 'double' to 'float', possible loss of data
c:\users\mikez\documents\github\cs3113-hw-project\final project (2d platformer contra)\nyucodebase\main.cpp(152): warning C4244: 'initializing': conversion from 'double' to 'float', possible loss of data
c:\users\mikez\documents\github\cs3113-hw-project\final project (2d platformer contra)\nyucodebase\main.cpp(153): warning C4244: '-=': conversion from 'double' to 'float', possible loss of data
c:\users\mikez\documents\github\cs3113-hw-project\final project (2d platformer contra)\nyucodebase\main.cpp(159): warning C4244: 'initializing': conversion from 'double' to 'float', possible loss of data
c:\users\mikez\documents\github\cs3113-hw-project\final project (2d platformer contra)\nyucodebase\main.cpp(160): warning C4244: '+=': conversion from 'double' to 'float', possible loss of data
c:\users\mikez\documents\github\cs3113-hw-project\final project (2d platformer contra)\nyucodebase\main.cpp(166): warning C4244: 'initializing': conversion from 'double' to 'float', possible loss of data
c:\users\mikez\documents\github\cs3113-hw-project\final project (2d platformer contra)\nyucodebase\main.cpp(167): warning C4244: '-=': conversion from 'double' to 'float', possible loss of data
c:\users\mikez\documents\github\cs3113-hw-project\final project (2d platformer contra)\nyucodebase\main.cpp(202): warning C4018: '<': signed/unsigned mismatch
c:\users\mikez\documents\github\cs3113-hw-project\final project (2d platformer contra)\nyucodebase\main.cpp(216): warning C4244: 'initializing': conversion from 'double' to 'float', possible loss of data
c:\users\mikez\documents\github\cs3113-hw-project\final project (2d platformer contra)\nyucodebase\main.cpp(217): warning C4244: '-=': conversion from 'double' to 'float', possible loss of data
c:\users\mikez\documents\github\cs3113-hw-project\final project (2d platformer contra)\nyucodebase\main.cpp(223): warning C4244: 'initializing': conversion from 'double' to 'float', possible loss of data
c:\users\mikez\documents\github\cs3113-hw-project\final project (2d platformer contra)\nyucodebase\main.cpp(224): warning C4244: '+=': conversion from 'double' to 'float', possible loss of data
c:\users\mikez\documents\github\cs3113-hw-project\final project (2d platformer contra)\nyucodebase\main.cpp(230): warning C4244: 'initializing': conversion from 'double' to 'float', possible loss of data
c:\users\mikez\documents\github\cs3113-hw-project\final project (2d platformer contra)\nyucodebase\main.cpp(231): warning C4244: '-=': conversion from 'double' to 'float', possible loss of data
  NYUCodebase.vcxproj -> C:\Users\mikez\Documents\GitHub\CS3113-HW-Project\Final Project (2D Platformer Contra)\Debug\NYUCodebase.exe
